mode: set
lemin/main.go:37.30,39.2 1 1
lemin/main.go:42.35,44.2 1 0
lemin/main.go:47.45,54.21 5 1
lemin/main.go:58.2,58.14 1 1
lemin/main.go:54.21,56.3 1 0
lemin/main.go:61.30,68.17 4 0
lemin/main.go:73.2,74.18 2 0
lemin/main.go:68.17,71.3 2 0
lemin/main.go:78.33,85.30 4 1
lemin/main.go:92.2,92.18 1 1
lemin/main.go:85.30,86.24 1 0
lemin/main.go:86.24,88.4 1 0
lemin/main.go:97.31,104.30 4 1
lemin/main.go:110.2,110.16 1 1
lemin/main.go:104.30,105.22 1 0
lemin/main.go:105.22,107.4 1 0
lemin/main.go:120.35,121.26 1 0
lemin/main.go:121.26,124.3 2 0
lemin/main.go:124.8,126.3 1 0
lemin/main.go:130.41,131.28 1 0
lemin/main.go:136.2,136.12 1 0
lemin/main.go:131.28,132.17 1 0
lemin/main.go:132.17,134.4 1 0
lemin/main.go:140.41,141.22 1 0
lemin/main.go:146.2,146.14 1 0
lemin/main.go:141.22,142.17 1 0
lemin/main.go:142.17,144.4 1 0
lemin/main.go:149.46,150.26 1 0
lemin/main.go:155.2,155.14 1 0
lemin/main.go:150.26,151.16 1 0
lemin/main.go:151.16,153.4 1 0
lemin/main.go:158.49,160.26 1 0
lemin/main.go:165.2,165.14 1 0
lemin/main.go:160.26,161.20 1 0
lemin/main.go:161.20,163.4 1 0
lemin/main.go:168.29,170.28 2 0
lemin/main.go:170.28,171.28 1 0
lemin/main.go:171.28,173.4 1 0
lemin/main.go:179.42,185.38 3 0
lemin/main.go:185.38,189.3 3 0
lemin/main.go:189.8,189.44 1 0
lemin/main.go:189.44,193.3 3 0
lemin/main.go:193.8,193.31 1 0
lemin/main.go:193.31,197.3 3 0
lemin/main.go:197.8,197.33 1 0
lemin/main.go:197.34,201.3 0 0
lemin/main.go:201.8,203.3 1 0
lemin/main.go:208.25,213.28 3 0
lemin/main.go:228.2,228.15 1 0
lemin/main.go:213.28,214.22 1 0
lemin/main.go:224.3,224.32 1 0
lemin/main.go:214.22,217.4 1 0
lemin/main.go:217.9,217.27 1 0
lemin/main.go:217.27,220.4 1 0
lemin/main.go:220.9,223.4 1 0
lemin/main.go:224.32,226.4 1 0
lemin/main.go:239.28,245.19 3 0
lemin/main.go:289.2,289.36 1 0
lemin/main.go:245.19,252.34 3 0
lemin/main.go:252.34,253.20 1 0
lemin/main.go:253.20,261.33 2 0
lemin/main.go:267.5,269.29 2 0
lemin/main.go:261.33,265.6 1 0
lemin/main.go:275.8,277.65 1 0
lemin/main.go:277.65,284.4 3 0
lemin/main.go:284.9,287.4 1 0
lemin/main.go:294.36,300.19 1 0
lemin/main.go:324.2,324.14 1 0
lemin/main.go:300.19,304.34 2 0
lemin/main.go:304.34,305.20 1 0
lemin/main.go:305.20,313.33 2 0
lemin/main.go:313.33,317.6 1 0
lemin/main.go:328.55,331.30 2 0
lemin/main.go:337.2,337.12 1 0
lemin/main.go:331.30,332.24 1 0
lemin/main.go:332.24,335.4 2 0
lemin/main.go:341.44,345.2 3 0
lemin/main.go:348.42,349.30 1 0
lemin/main.go:356.2,356.21 1 0
lemin/main.go:349.30,350.20 1 0
lemin/main.go:350.20,353.4 1 0
lemin/main.go:360.35,362.35 1 0
lemin/main.go:362.35,363.32 1 0
lemin/main.go:363.32,365.44 1 0
lemin/main.go:365.44,366.38 1 0
lemin/main.go:366.38,368.6 1 0
lemin/main.go:375.28,391.47 5 0
lemin/main.go:402.2,402.63 1 0
lemin/main.go:449.2,449.27 1 0
lemin/main.go:453.2,453.36 1 0
lemin/main.go:391.47,392.35 1 0
lemin/main.go:392.35,396.4 3 0
lemin/main.go:402.63,405.40 2 0
lemin/main.go:415.3,417.50 2 0
lemin/main.go:405.40,406.21 1 0
lemin/main.go:406.21,411.5 3 0
lemin/main.go:417.50,419.33 1 0
lemin/main.go:422.4,424.34 2 0
lemin/main.go:428.4,428.44 1 0
lemin/main.go:433.4,433.44 1 0
lemin/main.go:445.4,445.42 1 0
lemin/main.go:419.33,421.5 1 0
lemin/main.go:424.34,427.5 1 0
lemin/main.go:428.44,430.10 1 0
lemin/main.go:433.44,434.54 1 0
lemin/main.go:434.54,435.43 1 0
lemin/main.go:435.43,436.43 1 0
lemin/main.go:436.43,437.13 1 0
lemin/main.go:438.13,441.8 2 0
lemin/main.go:449.27,452.3 2 0
lemin/main.go:458.60,463.29 3 0
lemin/main.go:492.2,492.19 1 0
lemin/main.go:463.29,465.3 1 0
lemin/main.go:465.8,465.36 1 0
lemin/main.go:465.36,467.3 1 0
lemin/main.go:467.8,473.28 3 0
lemin/main.go:479.3,479.28 1 0
lemin/main.go:483.3,483.30 1 0
lemin/main.go:473.28,477.4 1 0
lemin/main.go:479.28,481.4 1 0
lemin/main.go:483.30,485.4 1 0
lemin/main.go:485.9,485.37 1 0
lemin/main.go:485.37,487.4 1 0
lemin/main.go:487.9,489.4 1 0
lemin/main.go:497.46,501.28 2 0
lemin/main.go:512.2,514.32 2 0
lemin/main.go:518.2,518.15 1 0
lemin/main.go:501.28,502.41 1 0
lemin/main.go:502.41,504.4 1 0
lemin/main.go:504.9,505.31 1 0
lemin/main.go:505.31,508.5 1 0
lemin/main.go:514.32,516.3 1 0
lemin/main.go:522.38,524.36 1 0
lemin/main.go:528.2,528.10 1 0
lemin/main.go:524.36,526.3 1 0
lemin/main.go:532.40,534.30 2 0
lemin/main.go:540.2,541.14 2 0
lemin/main.go:534.30,536.31 1 0
lemin/main.go:536.31,538.4 1 0
lemin/main.go:546.37,550.19 3 0
lemin/main.go:556.2,556.14 1 0
lemin/main.go:550.19,554.3 3 0
lemin/main.go:559.27,562.19 2 0
lemin/main.go:567.2,567.34 1 0
lemin/main.go:572.2,572.22 1 0
lemin/main.go:562.19,565.3 1 0
lemin/main.go:567.34,570.3 2 0
lemin/main.go:577.55,582.30 3 0
lemin/main.go:590.2,590.18 1 0
lemin/main.go:582.30,583.20 1 0
lemin/main.go:583.20,587.4 2 0
lemin/main.go:593.42,595.26 1 0
lemin/main.go:601.2,601.10 1 0
lemin/main.go:595.26,596.20 1 0
lemin/main.go:596.20,598.9 2 0
lemin/main.go:606.41,608.17 2 0
lemin/main.go:611.2,611.30 1 0
lemin/main.go:617.2,617.12 1 0
lemin/main.go:608.17,610.3 1 0
lemin/main.go:611.30,612.24 1 0
lemin/main.go:612.24,615.4 2 0
lemin/main.go:620.13,625.42 2 0
lemin/main.go:638.2,644.42 3 0
lemin/main.go:656.2,669.45 8 0
lemin/main.go:685.2,691.50 2 0
lemin/main.go:757.2,757.15 1 0
lemin/main.go:625.42,626.42 1 0
lemin/main.go:631.3,631.42 1 0
lemin/main.go:626.42,628.4 1 0
lemin/main.go:631.42,634.4 2 0
lemin/main.go:644.42,645.42 1 0
lemin/main.go:650.3,650.42 1 0
lemin/main.go:645.42,647.4 1 0
lemin/main.go:650.42,652.4 1 0
lemin/main.go:669.45,677.3 5 0
lemin/main.go:691.50,693.35 1 0
lemin/main.go:703.3,703.35 1 0
lemin/main.go:733.3,736.33 2 0
lemin/main.go:693.35,694.26 1 0
lemin/main.go:694.26,698.10 4 0
lemin/main.go:703.35,711.29 1 0
lemin/main.go:711.29,717.5 4 0
lemin/main.go:736.33,741.25 1 0
lemin/main.go:741.25,749.5 3 0
lemin/main.go:749.10,752.5 2 0
